"21.01.2026 00:56:44 - [DEBUG] - wrapper: app.service.crud_service.get_item -> start (crud=<app.crud.categories.CategoryCRUD object at 0x000001BB66175790>, item_id=1)"
"21.01.2026 00:56:44 - [DEBUG] - wrapper: app.service.crud_service.get_item -> ok (30.8ms)"
"21.01.2026 00:57:25 - [DEBUG] - wrapper: app.service.purchases.list_purchases -> start (offset=0, limit=100, order_by=<sqlalchemy.orm.attributes.InstrumentedAttribute object at 0x000001D6142742C0>)"
"21.01.2026 00:57:25 - [DEBUG] - wrapper: app.service.purchases.list_purchases -> ok (45.1ms)"
"21.01.2026 00:58:28 - [INFO] - wrapper: app.service.crud_service.create_item -> start (crud=<app.crud.stores.StoreCRUD object at 0x000002A79FA55970>, obj_in=Store)"
"21.01.2026 00:58:28 - [INFO] - wrapper: app.service.crud_service.create_item -> ok (23.3ms)"
"21.01.2026 00:58:43 - [INFO] - wrapper: app.service.crud_service.create_item -> start (crud=<app.crud.stores.StoreCRUD object at 0x000001BB387D5970>, obj_in=Store)"
"21.01.2026 00:58:43 - [ERROR] - wrapper: app.service.crud_service.create_item -> error (8.5ms)"
Traceback (most recent call last):
  File "C:\PetProject\inflation_tracker\venv\lib\site-packages\sqlalchemy\engine\base.py", line 1967, in _exec_single_context
    self.dialect.do_execute(
  File "C:\PetProject\inflation_tracker\venv\lib\site-packages\sqlalchemy\engine\default.py", line 951, in do_execute
    cursor.execute(statement, parameters)
sqlite3.IntegrityError: UNIQUE constraint failed: store.name

The above exception was the direct cause of the following exception:

Traceback (most recent call last):
  File "C:\PetProject\inflation_tracker\app\logging\decorators.py", line 266, in wrapper
    result = func(*args, **kwargs)
  File "C:\PetProject\inflation_tracker\app\service\crud_service.py", line 45, in create_item
    item = crud.create(
  File "C:\PetProject\inflation_tracker\app\crud\base.py", line 60, in create
    db.commit()
  File "C:\PetProject\inflation_tracker\venv\lib\site-packages\sqlalchemy\orm\session.py", line 2030, in commit
    trans.commit(_to_root=True)
  File "<string>", line 2, in commit
  File "C:\PetProject\inflation_tracker\venv\lib\site-packages\sqlalchemy\orm\state_changes.py", line 137, in _go
    ret_value = fn(self, *arg, **kw)
  File "C:\PetProject\inflation_tracker\venv\lib\site-packages\sqlalchemy\orm\session.py", line 1311, in commit
    self._prepare_impl()
  File "<string>", line 2, in _prepare_impl
  File "C:\PetProject\inflation_tracker\venv\lib\site-packages\sqlalchemy\orm\state_changes.py", line 137, in _go
    ret_value = fn(self, *arg, **kw)
  File "C:\PetProject\inflation_tracker\venv\lib\site-packages\sqlalchemy\orm\session.py", line 1286, in _prepare_impl
    self.session.flush()
  File "C:\PetProject\inflation_tracker\venv\lib\site-packages\sqlalchemy\orm\session.py", line 4331, in flush
    self._flush(objects)
  File "C:\PetProject\inflation_tracker\venv\lib\site-packages\sqlalchemy\orm\session.py", line 4467, in _flush
    transaction.rollback(_capture_exception=True)
  File "C:\PetProject\inflation_tracker\venv\lib\site-packages\sqlalchemy\util\langhelpers.py", line 224, in __exit__
    raise exc_value.with_traceback(exc_tb)
  File "C:\PetProject\inflation_tracker\venv\lib\site-packages\sqlalchemy\orm\session.py", line 4427, in _flush
    flush_context.execute()
  File "C:\PetProject\inflation_tracker\venv\lib\site-packages\sqlalchemy\orm\unitofwork.py", line 466, in execute
    rec.execute(self)
  File "C:\PetProject\inflation_tracker\venv\lib\site-packages\sqlalchemy\orm\unitofwork.py", line 642, in execute
    util.preloaded.orm_persistence.save_obj(
  File "C:\PetProject\inflation_tracker\venv\lib\site-packages\sqlalchemy\orm\persistence.py", line 93, in save_obj
    _emit_insert_statements(
  File "C:\PetProject\inflation_tracker\venv\lib\site-packages\sqlalchemy\orm\persistence.py", line 1233, in _emit_insert_statements
    result = connection.execute(
  File "C:\PetProject\inflation_tracker\venv\lib\site-packages\sqlalchemy\engine\base.py", line 1419, in execute
    return meth(
  File "C:\PetProject\inflation_tracker\venv\lib\site-packages\sqlalchemy\sql\elements.py", line 526, in _execute_on_connection
    return connection._execute_clauseelement(
  File "C:\PetProject\inflation_tracker\venv\lib\site-packages\sqlalchemy\engine\base.py", line 1641, in _execute_clauseelement
    ret = self._execute_context(
  File "C:\PetProject\inflation_tracker\venv\lib\site-packages\sqlalchemy\engine\base.py", line 1846, in _execute_context
    return self._exec_single_context(
  File "C:\PetProject\inflation_tracker\venv\lib\site-packages\sqlalchemy\engine\base.py", line 1986, in _exec_single_context
    self._handle_dbapi_exception(
  File "C:\PetProject\inflation_tracker\venv\lib\site-packages\sqlalchemy\engine\base.py", line 2355, in _handle_dbapi_exception
    raise sqlalchemy_exception.with_traceback(exc_info[2]) from e
  File "C:\PetProject\inflation_tracker\venv\lib\site-packages\sqlalchemy\engine\base.py", line 1967, in _exec_single_context
    self.dialect.do_execute(
  File "C:\PetProject\inflation_tracker\venv\lib\site-packages\sqlalchemy\engine\default.py", line 951, in do_execute
    cursor.execute(statement, parameters)
sqlalchemy.exc.IntegrityError: (sqlite3.IntegrityError) UNIQUE constraint failed: store.name
[SQL: INSERT INTO store (name, description, to_create, to_update) VALUES (?, ?, ?, ?)]
[parameters: ('Лента', 'Гипермаркет', '2026-01-20 21:58:43.010134', None)]
(Background on this error at: https://sqlalche.me/e/20/gkpj)
"21.01.2026 01:34:33 - [INFO] - wrapper: app.service.crud_service.create_item -> start (crud=<app.crud.stores.StoreCRUD object at 0x0000013B17571CA0>, obj_in=Store)"
"21.01.2026 01:34:33 - [INFO] - wrapper: app.service.crud_service.create_item -> ok (22.6ms)"
